<?xml version="1.0" encoding="UTF-8"?>
<testng-results ignored="0" total="1" passed="1" failed="0" skipped="0">
  <reporter-output>
  </reporter-output>
  <suite started-at="2021-03-27T16:42:15 IST" name="Default suite" finished-at="2021-03-27T16:42:17 IST" duration-ms="1179">
    <groups>
    </groups>
    <test started-at="2021-03-27T16:42:15 IST" name="Default test" finished-at="2021-03-27T16:42:17 IST" duration-ms="1179">
      <class name="datadriven.TestExcel">
        <test-method signature="data()[pri:0, instance:datadriven.TestExcel@77eca502]" started-at="2021-03-27T16:42:16 IST" name="data" finished-at="2021-03-27T16:42:17 IST" duration-ms="1110" status="PASS">
          <reporter-output>
          </reporter-output>
        </test-method> <!-- data -->
      </class> <!-- datadriven.TestExcel -->
    </test> <!-- Default test -->
  </suite> <!-- Default suite -->
</testng-results>
