<?xml version="1.0" encoding="UTF-8"?>
<testng-results ignored="0" total="1" passed="1" failed="0" skipped="0">
  <reporter-output>
  </reporter-output>
  <suite started-at="2021-06-05T09:09:44 IST" name="Default suite" finished-at="2021-06-05T09:09:44 IST" duration-ms="102">
    <groups>
    </groups>
    <test started-at="2021-06-05T09:09:44 IST" name="Default test" finished-at="2021-06-05T09:09:44 IST" duration-ms="102">
      <class name="practise2.DP">
        <test-method signature="test(java.util.HashMap)[pri:0, instance:practise2.DP@63a12c68]" started-at="2021-06-05T09:09:44 IST" name="test" data-provider="data3" finished-at="2021-06-05T09:09:44 IST" duration-ms="14" status="PASS">
          <params>
            <param index="0">
              <value>
                <![CDATA[{name=naveen, address=anna nagar, summa=summa tha, phone=87879798797}]]>
              </value>
            </param>
          </params>
          <reporter-output>
          </reporter-output>
        </test-method> <!-- test -->
      </class> <!-- practise2.DP -->
    </test> <!-- Default test -->
  </suite> <!-- Default suite -->
</testng-results>
